[2022-12-07T20:44:27.195736Z] Registered: DomainFrequencyExtraction (338182) ["ARCHIVEIT-14462","/data/in/14462/arcs","/data/out/ARCHIVEIT-14462/out",-1] -- {"user":"ait:1796"}
[2022-12-07T20:44:27.220464Z] Registered: DomainFrequencyExtraction_Spark (1353659198) ["ARCHIVEIT-14462","/data/in/14462/arcs","/data/out/ARCHIVEIT-14462/out",-1] -- {"user":"ait:1796"}
[2022-12-07T20:44:27.221559Z] Queued: DomainFrequencyExtraction (338182) ["ARCHIVEIT-14462","/data/in/14462/arcs","/data/out/ARCHIVEIT-14462/out",-1] -- {"user":"ait:1796"}
[2022-12-07T20:44:27.228111Z] Queued: DomainFrequencyExtraction_Spark (1353659198) ["ARCHIVEIT-14462","/data/in/14462/arcs","/data/out/ARCHIVEIT-14462/out",-1] -- {"user":"ait:1796"}
[2022-12-07T20:44:27.230243Z] Running: DomainFrequencyExtraction (338182) ["ARCHIVEIT-14462","/data/in/14462/arcs","/data/out/ARCHIVEIT-14462/out",-1] -- {"user":"ait:1796"}
[2022-12-07T20:44:27.233861Z] Running: DomainFrequencyExtraction_Spark (1353659198) ["ARCHIVEIT-14462","/data/in/14462/arcs","/data/out/ARCHIVEIT-14462/out",-1] -- {"user":"ait:1796"}
[2022-12-07T20:44:29.068967Z] Registered: DomainFrequencyExtraction (188239308) ["ARCHIVEIT-14462","/data/in/14462/arcs","/data/out/ARCHIVEIT-14462/samples",100] -- {"user":"ait:1796"}
[2022-12-07T20:44:29.069320Z] Registered: DomainFrequencyExtraction_Spark (828526271) ["ARCHIVEIT-14462","/data/in/14462/arcs","/data/out/ARCHIVEIT-14462/samples",100] -- {"user":"ait:1796"}
[2022-12-07T20:44:29.069691Z] Queued: DomainFrequencyExtraction (188239308) ["ARCHIVEIT-14462","/data/in/14462/arcs","/data/out/ARCHIVEIT-14462/samples",100] -- {"user":"ait:1796"}
[2022-12-07T20:44:29.075417Z] Queued: DomainFrequencyExtraction_Spark (828526271) ["ARCHIVEIT-14462","/data/in/14462/arcs","/data/out/ARCHIVEIT-14462/samples",100] -- {"user":"ait:1796"}
[2022-12-07T20:44:29.075984Z] Running: DomainFrequencyExtraction (188239308) ["ARCHIVEIT-14462","/data/in/14462/arcs","/data/out/ARCHIVEIT-14462/samples",100] -- {"user":"ait:1796"}
[2022-12-07T20:44:29.081286Z] Running: DomainFrequencyExtraction_Spark (828526271) ["ARCHIVEIT-14462","/data/in/14462/arcs","/data/out/ARCHIVEIT-14462/samples",100] -- {"user":"ait:1796"}
[2022-12-07T20:44:31.461881Z] Registered: ImageGraphExtraction (221355067) ["ARCHIVEIT-14462","/data/in/14462/arcs","/data/out/ARCHIVEIT-14462/out",-1] -- {"user":"ait:1796"}
[2022-12-07T20:44:31.462148Z] Registered: ImageGraphExtraction_Spark (1925302363) ["ARCHIVEIT-14462","/data/in/14462/arcs","/data/out/ARCHIVEIT-14462/out",-1] -- {"user":"ait:1796"}
[2022-12-07T20:44:31.462625Z] Queued: ImageGraphExtraction (221355067) ["ARCHIVEIT-14462","/data/in/14462/arcs","/data/out/ARCHIVEIT-14462/out",-1] -- {"user":"ait:1796"}
[2022-12-07T20:44:31.469470Z] Queued: ImageGraphExtraction_Spark (1925302363) ["ARCHIVEIT-14462","/data/in/14462/arcs","/data/out/ARCHIVEIT-14462/out",-1] -- {"user":"ait:1796"}
[2022-12-07T20:44:31.470024Z] Running: ImageGraphExtraction (221355067) ["ARCHIVEIT-14462","/data/in/14462/arcs","/data/out/ARCHIVEIT-14462/out",-1] -- {"user":"ait:1796"}
[2022-12-07T20:44:31.569579Z] Running: ImageGraphExtraction_Spark (1925302363) ["ARCHIVEIT-14462","/data/in/14462/arcs","/data/out/ARCHIVEIT-14462/out",-1] -- {"user":"ait:1796"}
[2022-12-07T20:44:32.547367Z] Registered: ImageGraphExtraction (727319420) ["ARCHIVEIT-14462","/data/in/14462/arcs","/data/out/ARCHIVEIT-14462/samples",100] -- {"user":"ait:1796"}
[2022-12-07T20:44:32.547581Z] Registered: ImageGraphExtraction_Spark (68644323) ["ARCHIVEIT-14462","/data/in/14462/arcs","/data/out/ARCHIVEIT-14462/samples",100] -- {"user":"ait:1796"}
[2022-12-07T20:44:32.548013Z] Queued: ImageGraphExtraction (727319420) ["ARCHIVEIT-14462","/data/in/14462/arcs","/data/out/ARCHIVEIT-14462/samples",100] -- {"user":"ait:1796"}
[2022-12-07T20:44:32.555565Z] Queued: ImageGraphExtraction_Spark (68644323) ["ARCHIVEIT-14462","/data/in/14462/arcs","/data/out/ARCHIVEIT-14462/samples",100] -- {"user":"ait:1796"}
[2022-12-07T20:44:33.659767Z] Registered: DomainGraphExtraction (491398486) ["ARCHIVEIT-14462","/data/in/14462/arcs","/data/out/ARCHIVEIT-14462/samples",100] -- {"user":"ait:1796"}
[2022-12-07T20:44:33.660043Z] Registered: DomainGraphExtraction_Spark (265604339) ["ARCHIVEIT-14462","/data/in/14462/arcs","/data/out/ARCHIVEIT-14462/samples",100] -- {"user":"ait:1796"}
[2022-12-07T20:44:33.660553Z] Queued: DomainGraphExtraction (491398486) ["ARCHIVEIT-14462","/data/in/14462/arcs","/data/out/ARCHIVEIT-14462/samples",100] -- {"user":"ait:1796"}
[2022-12-07T20:44:33.666538Z] Queued: DomainGraphExtraction_Spark (265604339) ["ARCHIVEIT-14462","/data/in/14462/arcs","/data/out/ARCHIVEIT-14462/samples",100] -- {"user":"ait:1796"}
[2022-12-07T20:44:34.135122Z] Registered: DomainGraphExtraction (1364120915) ["ARCHIVEIT-14462","/data/in/14462/arcs","/data/out/ARCHIVEIT-14462/out",-1] -- {"user":"ait:1796"}
[2022-12-07T20:44:34.135349Z] Registered: DomainGraphExtraction_Spark (1994855995) ["ARCHIVEIT-14462","/data/in/14462/arcs","/data/out/ARCHIVEIT-14462/out",-1] -- {"user":"ait:1796"}
[2022-12-07T20:44:34.135762Z] Queued: DomainGraphExtraction (1364120915) ["ARCHIVEIT-14462","/data/in/14462/arcs","/data/out/ARCHIVEIT-14462/out",-1] -- {"user":"ait:1796"}
[2022-12-07T20:44:34.142407Z] Queued: DomainGraphExtraction_Spark (1994855995) ["ARCHIVEIT-14462","/data/in/14462/arcs","/data/out/ARCHIVEIT-14462/out",-1] -- {"user":"ait:1796"}
[2022-12-07T20:44:35.670316Z] Registered: ArsLgaGeneration (1204869782) ["ARCHIVEIT-14462","/data/in/14462/arcs","/data/out/ARCHIVEIT-14462/samples",100] -- {"user":"ait:1796"}
[2022-12-07T20:44:35.670615Z] Registered: ArsLgaGeneration_Spark (887454384) ["ARCHIVEIT-14462","/data/in/14462/arcs","/data/out/ARCHIVEIT-14462/samples",100] -- {"user":"ait:1796"}
[2022-12-07T20:44:35.671253Z] Queued: ArsLgaGeneration (1204869782) ["ARCHIVEIT-14462","/data/in/14462/arcs","/data/out/ARCHIVEIT-14462/samples",100] -- {"user":"ait:1796"}
[2022-12-07T20:44:35.773155Z] Queued: ArsLgaGeneration_Spark (887454384) ["ARCHIVEIT-14462","/data/in/14462/arcs","/data/out/ARCHIVEIT-14462/samples",100] -- {"user":"ait:1796"}
[2022-12-07T20:44:36.507781Z] Registered: ArsLgaGeneration (1640461260) ["ARCHIVEIT-14462","/data/in/14462/arcs","/data/out/ARCHIVEIT-14462/out",-1] -- {"user":"ait:1796"}
[2022-12-07T20:44:36.508499Z] Registered: ArsLgaGeneration_Spark (1411494087) ["ARCHIVEIT-14462","/data/in/14462/arcs","/data/out/ARCHIVEIT-14462/out",-1] -- {"user":"ait:1796"}
[2022-12-07T20:44:36.509313Z] Queued: ArsLgaGeneration (1640461260) ["ARCHIVEIT-14462","/data/in/14462/arcs","/data/out/ARCHIVEIT-14462/out",-1] -- {"user":"ait:1796"}
[2022-12-07T20:44:36.515623Z] Queued: ArsLgaGeneration_Spark (1411494087) ["ARCHIVEIT-14462","/data/in/14462/arcs","/data/out/ARCHIVEIT-14462/out",-1] -- {"user":"ait:1796"}
[2022-12-07T20:44:59.379748Z] Unregistered: DomainFrequencyExtraction_Spark (828526271) ["ARCHIVEIT-14462","/data/in/14462/arcs","/data/out/ARCHIVEIT-14462/samples",100] -- {"user":"ait:1796"}
[2022-12-07T20:44:59.381965Z] Registered: DomainFrequencyExtraction_PostProcessor (450496641) ["ARCHIVEIT-14462","/data/in/14462/arcs","/data/out/ARCHIVEIT-14462/samples",100] -- {"user":"ait:1796"}
[2022-12-07T20:44:59.382120Z] Queued: DomainFrequencyExtraction_PostProcessor (450496641) ["ARCHIVEIT-14462","/data/in/14462/arcs","/data/out/ARCHIVEIT-14462/samples",100] -- {"user":"ait:1796"}
[2022-12-07T20:44:59.382275Z] Running: DomainFrequencyExtraction_PostProcessor (450496641) ["ARCHIVEIT-14462","/data/in/14462/arcs","/data/out/ARCHIVEIT-14462/samples",100] -- {"user":"ait:1796"}
[2022-12-07T20:44:59.382684Z] Finished: DomainFrequencyExtraction_Spark (828526271) ["ARCHIVEIT-14462","/data/in/14462/arcs","/data/out/ARCHIVEIT-14462/samples",100] -- {"user":"ait:1796"}
[2022-12-07T20:44:59.383442Z] Running: DomainGraphExtraction (1364120915) ["ARCHIVEIT-14462","/data/in/14462/arcs","/data/out/ARCHIVEIT-14462/out",-1] -- {"user":"ait:1796"}
[2022-12-07T20:44:59.391996Z] Running: DomainGraphExtraction_Spark (1994855995) ["ARCHIVEIT-14462","/data/in/14462/arcs","/data/out/ARCHIVEIT-14462/out",-1] -- {"user":"ait:1796"}
[2022-12-07T20:44:59.538456Z] Unregistered: DomainFrequencyExtraction_PostProcessor (450496641) ["ARCHIVEIT-14462","/data/in/14462/arcs","/data/out/ARCHIVEIT-14462/samples",100] -- {"user":"ait:1796"}
[2022-12-07T20:44:59.559710Z] Finished: DomainFrequencyExtraction (188239308) ["ARCHIVEIT-14462","/data/in/14462/arcs","/data/out/ARCHIVEIT-14462/samples",100] -- {"user":"ait:1796"}
[2022-12-07T20:44:59.563735Z] Unregistered: DomainFrequencyExtraction (188239308) ["ARCHIVEIT-14462","/data/in/14462/arcs","/data/out/ARCHIVEIT-14462/samples",100] -- {"user":"ait:1796"}
[2022-12-07T20:44:59.563882Z] Finished: DomainFrequencyExtraction_PostProcessor (450496641) ["ARCHIVEIT-14462","/data/in/14462/arcs","/data/out/ARCHIVEIT-14462/samples",100] -- {"user":"ait:1796"}
[2022-12-07T20:45:23.428487Z] Unregistered: DomainFrequencyExtraction_Spark (1353659198) ["ARCHIVEIT-14462","/data/in/14462/arcs","/data/out/ARCHIVEIT-14462/out",-1] -- {"user":"ait:1796"}
[2022-12-07T20:45:23.429075Z] Registered: DomainFrequencyExtraction_PostProcessor (1948532305) ["ARCHIVEIT-14462","/data/in/14462/arcs","/data/out/ARCHIVEIT-14462/out",-1] -- {"user":"ait:1796"}
[2022-12-07T20:45:23.429202Z] Queued: DomainFrequencyExtraction_PostProcessor (1948532305) ["ARCHIVEIT-14462","/data/in/14462/arcs","/data/out/ARCHIVEIT-14462/out",-1] -- {"user":"ait:1796"}
[2022-12-07T20:45:23.429348Z] Running: DomainFrequencyExtraction_PostProcessor (1948532305) ["ARCHIVEIT-14462","/data/in/14462/arcs","/data/out/ARCHIVEIT-14462/out",-1] -- {"user":"ait:1796"}
[2022-12-07T20:45:23.429487Z] Finished: DomainFrequencyExtraction_Spark (1353659198) ["ARCHIVEIT-14462","/data/in/14462/arcs","/data/out/ARCHIVEIT-14462/out",-1] -- {"user":"ait:1796"}
[2022-12-07T20:45:23.429855Z] Running: ImageGraphExtraction (727319420) ["ARCHIVEIT-14462","/data/in/14462/arcs","/data/out/ARCHIVEIT-14462/samples",100] -- {"user":"ait:1796"}
[2022-12-07T20:45:23.434748Z] Running: ImageGraphExtraction_Spark (68644323) ["ARCHIVEIT-14462","/data/in/14462/arcs","/data/out/ARCHIVEIT-14462/samples",100] -- {"user":"ait:1796"}
[2022-12-07T20:45:23.818481Z] Unregistered: DomainFrequencyExtraction_PostProcessor (1948532305) ["ARCHIVEIT-14462","/data/in/14462/arcs","/data/out/ARCHIVEIT-14462/out",-1] -- {"user":"ait:1796"}
[2022-12-07T20:45:23.832179Z] Finished: DomainFrequencyExtraction (338182) ["ARCHIVEIT-14462","/data/in/14462/arcs","/data/out/ARCHIVEIT-14462/out",-1] -- {"user":"ait:1796"}
[2022-12-07T20:45:23.840240Z] Unregistered: DomainFrequencyExtraction (338182) ["ARCHIVEIT-14462","/data/in/14462/arcs","/data/out/ARCHIVEIT-14462/out",-1] -- {"user":"ait:1796"}
[2022-12-07T20:45:23.840480Z] Finished: DomainFrequencyExtraction_PostProcessor (1948532305) ["ARCHIVEIT-14462","/data/in/14462/arcs","/data/out/ARCHIVEIT-14462/out",-1] -- {"user":"ait:1796"}
[2022-12-07T20:45:26.879543Z] Unregistered: ImageGraphExtraction_Spark (68644323) ["ARCHIVEIT-14462","/data/in/14462/arcs","/data/out/ARCHIVEIT-14462/samples",100] -- {"user":"ait:1796"}
[2022-12-07T20:45:26.880241Z] Registered: ImageGraphExtraction_PostProcessor (1574289060) ["ARCHIVEIT-14462","/data/in/14462/arcs","/data/out/ARCHIVEIT-14462/samples",100] -- {"user":"ait:1796"}
[2022-12-07T20:45:26.880401Z] Queued: ImageGraphExtraction_PostProcessor (1574289060) ["ARCHIVEIT-14462","/data/in/14462/arcs","/data/out/ARCHIVEIT-14462/samples",100] -- {"user":"ait:1796"}
[2022-12-07T20:45:26.880554Z] Running: ImageGraphExtraction_PostProcessor (1574289060) ["ARCHIVEIT-14462","/data/in/14462/arcs","/data/out/ARCHIVEIT-14462/samples",100] -- {"user":"ait:1796"}
[2022-12-07T20:45:26.880765Z] Finished: ImageGraphExtraction_Spark (68644323) ["ARCHIVEIT-14462","/data/in/14462/arcs","/data/out/ARCHIVEIT-14462/samples",100] -- {"user":"ait:1796"}
[2022-12-07T20:45:26.881205Z] Running: ArsLgaGeneration (1640461260) ["ARCHIVEIT-14462","/data/in/14462/arcs","/data/out/ARCHIVEIT-14462/out",-1] -- {"user":"ait:1796"}
[2022-12-07T20:45:26.890980Z] Running: ArsLgaGeneration_Spark (1411494087) ["ARCHIVEIT-14462","/data/in/14462/arcs","/data/out/ARCHIVEIT-14462/out",-1] -- {"user":"ait:1796"}
[2022-12-07T20:45:27.010376Z] Unregistered: ImageGraphExtraction_PostProcessor (1574289060) ["ARCHIVEIT-14462","/data/in/14462/arcs","/data/out/ARCHIVEIT-14462/samples",100] -- {"user":"ait:1796"}
[2022-12-07T20:45:27.020917Z] Finished: ImageGraphExtraction (727319420) ["ARCHIVEIT-14462","/data/in/14462/arcs","/data/out/ARCHIVEIT-14462/samples",100] -- {"user":"ait:1796"}
[2022-12-07T20:45:27.025512Z] Unregistered: ImageGraphExtraction (727319420) ["ARCHIVEIT-14462","/data/in/14462/arcs","/data/out/ARCHIVEIT-14462/samples",100] -- {"user":"ait:1796"}
[2022-12-07T20:45:27.025721Z] Finished: ImageGraphExtraction_PostProcessor (1574289060) ["ARCHIVEIT-14462","/data/in/14462/arcs","/data/out/ARCHIVEIT-14462/samples",100] -- {"user":"ait:1796"}
[2022-12-07T20:45:51.166761Z] Unregistered: ImageGraphExtraction_Spark (1925302363) ["ARCHIVEIT-14462","/data/in/14462/arcs","/data/out/ARCHIVEIT-14462/out",-1] -- {"user":"ait:1796"}
[2022-12-07T20:45:51.167390Z] Registered: ImageGraphExtraction_PostProcessor (1103347756) ["ARCHIVEIT-14462","/data/in/14462/arcs","/data/out/ARCHIVEIT-14462/out",-1] -- {"user":"ait:1796"}
[2022-12-07T20:45:51.167553Z] Queued: ImageGraphExtraction_PostProcessor (1103347756) ["ARCHIVEIT-14462","/data/in/14462/arcs","/data/out/ARCHIVEIT-14462/out",-1] -- {"user":"ait:1796"}
[2022-12-07T20:45:51.167702Z] Running: ImageGraphExtraction_PostProcessor (1103347756) ["ARCHIVEIT-14462","/data/in/14462/arcs","/data/out/ARCHIVEIT-14462/out",-1] -- {"user":"ait:1796"}
[2022-12-07T20:45:51.167861Z] Finished: ImageGraphExtraction_Spark (1925302363) ["ARCHIVEIT-14462","/data/in/14462/arcs","/data/out/ARCHIVEIT-14462/out",-1] -- {"user":"ait:1796"}
[2022-12-07T20:45:51.168259Z] Running: DomainGraphExtraction (491398486) ["ARCHIVEIT-14462","/data/in/14462/arcs","/data/out/ARCHIVEIT-14462/samples",100] -- {"user":"ait:1796"}
[2022-12-07T20:45:51.172878Z] Running: DomainGraphExtraction_Spark (265604339) ["ARCHIVEIT-14462","/data/in/14462/arcs","/data/out/ARCHIVEIT-14462/samples",100] -- {"user":"ait:1796"}
[2022-12-07T20:45:52.115313Z] Unregistered: ImageGraphExtraction_PostProcessor (1103347756) ["ARCHIVEIT-14462","/data/in/14462/arcs","/data/out/ARCHIVEIT-14462/out",-1] -- {"user":"ait:1796"}
[2022-12-07T20:45:52.121342Z] Finished: ImageGraphExtraction (221355067) ["ARCHIVEIT-14462","/data/in/14462/arcs","/data/out/ARCHIVEIT-14462/out",-1] -- {"user":"ait:1796"}
[2022-12-07T20:45:52.125466Z] Unregistered: ImageGraphExtraction (221355067) ["ARCHIVEIT-14462","/data/in/14462/arcs","/data/out/ARCHIVEIT-14462/out",-1] -- {"user":"ait:1796"}
[2022-12-07T20:45:52.125638Z] Finished: ImageGraphExtraction_PostProcessor (1103347756) ["ARCHIVEIT-14462","/data/in/14462/arcs","/data/out/ARCHIVEIT-14462/out",-1] -- {"user":"ait:1796"}
[2022-12-07T20:45:55.136348Z] Unregistered: DomainGraphExtraction_Spark (1994855995) ["ARCHIVEIT-14462","/data/in/14462/arcs","/data/out/ARCHIVEIT-14462/out",-1] -- {"user":"ait:1796"}
[2022-12-07T20:45:55.136731Z] Registered: DomainGraphExtraction_PostProcessor (250938263) ["ARCHIVEIT-14462","/data/in/14462/arcs","/data/out/ARCHIVEIT-14462/out",-1] -- {"user":"ait:1796"}
[2022-12-07T20:45:55.136812Z] Queued: DomainGraphExtraction_PostProcessor (250938263) ["ARCHIVEIT-14462","/data/in/14462/arcs","/data/out/ARCHIVEIT-14462/out",-1] -- {"user":"ait:1796"}
[2022-12-07T20:45:55.136880Z] Running: DomainGraphExtraction_PostProcessor (250938263) ["ARCHIVEIT-14462","/data/in/14462/arcs","/data/out/ARCHIVEIT-14462/out",-1] -- {"user":"ait:1796"}
[2022-12-07T20:45:55.136959Z] Finished: DomainGraphExtraction_Spark (1994855995) ["ARCHIVEIT-14462","/data/in/14462/arcs","/data/out/ARCHIVEIT-14462/out",-1] -- {"user":"ait:1796"}
[2022-12-07T20:45:55.137178Z] Running: ArsLgaGeneration (1204869782) ["ARCHIVEIT-14462","/data/in/14462/arcs","/data/out/ARCHIVEIT-14462/samples",100] -- {"user":"ait:1796"}
[2022-12-07T20:45:55.140827Z] Running: ArsLgaGeneration_Spark (887454384) ["ARCHIVEIT-14462","/data/in/14462/arcs","/data/out/ARCHIVEIT-14462/samples",100] -- {"user":"ait:1796"}
[2022-12-07T20:45:59.555671Z] Unregistered: DomainGraphExtraction_PostProcessor (250938263) ["ARCHIVEIT-14462","/data/in/14462/arcs","/data/out/ARCHIVEIT-14462/out",-1] -- {"user":"ait:1796"}
[2022-12-07T20:45:59.562679Z] Finished: DomainGraphExtraction (1364120915) ["ARCHIVEIT-14462","/data/in/14462/arcs","/data/out/ARCHIVEIT-14462/out",-1] -- {"user":"ait:1796"}
[2022-12-07T20:45:59.566987Z] Unregistered: DomainGraphExtraction (1364120915) ["ARCHIVEIT-14462","/data/in/14462/arcs","/data/out/ARCHIVEIT-14462/out",-1] -- {"user":"ait:1796"}
[2022-12-07T20:45:59.567143Z] Finished: DomainGraphExtraction_PostProcessor (250938263) ["ARCHIVEIT-14462","/data/in/14462/arcs","/data/out/ARCHIVEIT-14462/out",-1] -- {"user":"ait:1796"}
[2022-12-07T20:45:59.997623Z] Unregistered: DomainGraphExtraction_Spark (265604339) ["ARCHIVEIT-14462","/data/in/14462/arcs","/data/out/ARCHIVEIT-14462/samples",100] -- {"user":"ait:1796"}
[2022-12-07T20:45:59.998087Z] Registered: DomainGraphExtraction_PostProcessor (727558902) ["ARCHIVEIT-14462","/data/in/14462/arcs","/data/out/ARCHIVEIT-14462/samples",100] -- {"user":"ait:1796"}
[2022-12-07T20:45:59.998200Z] Queued: DomainGraphExtraction_PostProcessor (727558902) ["ARCHIVEIT-14462","/data/in/14462/arcs","/data/out/ARCHIVEIT-14462/samples",100] -- {"user":"ait:1796"}
[2022-12-07T20:45:59.998323Z] Running: DomainGraphExtraction_PostProcessor (727558902) ["ARCHIVEIT-14462","/data/in/14462/arcs","/data/out/ARCHIVEIT-14462/samples",100] -- {"user":"ait:1796"}
[2022-12-07T20:45:59.998435Z] Finished: DomainGraphExtraction_Spark (265604339) ["ARCHIVEIT-14462","/data/in/14462/arcs","/data/out/ARCHIVEIT-14462/samples",100] -- {"user":"ait:1796"}
[2022-12-07T20:46:00.068005Z] Unregistered: DomainGraphExtraction_PostProcessor (727558902) ["ARCHIVEIT-14462","/data/in/14462/arcs","/data/out/ARCHIVEIT-14462/samples",100] -- {"user":"ait:1796"}
[2022-12-07T20:46:00.072355Z] Finished: DomainGraphExtraction (491398486) ["ARCHIVEIT-14462","/data/in/14462/arcs","/data/out/ARCHIVEIT-14462/samples",100] -- {"user":"ait:1796"}
[2022-12-07T20:46:00.075308Z] Unregistered: DomainGraphExtraction (491398486) ["ARCHIVEIT-14462","/data/in/14462/arcs","/data/out/ARCHIVEIT-14462/samples",100] -- {"user":"ait:1796"}
[2022-12-07T20:46:00.075424Z] Finished: DomainGraphExtraction_PostProcessor (727558902) ["ARCHIVEIT-14462","/data/in/14462/arcs","/data/out/ARCHIVEIT-14462/samples",100] -- {"user":"ait:1796"}
[2022-12-07T20:46:03.795930Z] Unregistered: ArsLgaGeneration_Spark (887454384) ["ARCHIVEIT-14462","/data/in/14462/arcs","/data/out/ARCHIVEIT-14462/samples",100] -- {"user":"ait:1796"}
[2022-12-07T20:46:03.796238Z] Registered: ArsLgaGeneration_PostProcessor (1081436128) ["ARCHIVEIT-14462","/data/in/14462/arcs","/data/out/ARCHIVEIT-14462/samples",100] -- {"user":"ait:1796"}
[2022-12-07T20:46:03.796302Z] Queued: ArsLgaGeneration_PostProcessor (1081436128) ["ARCHIVEIT-14462","/data/in/14462/arcs","/data/out/ARCHIVEIT-14462/samples",100] -- {"user":"ait:1796"}
[2022-12-07T20:46:03.796355Z] Running: ArsLgaGeneration_PostProcessor (1081436128) ["ARCHIVEIT-14462","/data/in/14462/arcs","/data/out/ARCHIVEIT-14462/samples",100] -- {"user":"ait:1796"}
[2022-12-07T20:46:03.796710Z] Finished: ArsLgaGeneration_Spark (887454384) ["ARCHIVEIT-14462","/data/in/14462/arcs","/data/out/ARCHIVEIT-14462/samples",100] -- {"user":"ait:1796"}
[2022-12-07T20:46:04.906826Z] Unregistered: ArsLgaGeneration_PostProcessor (1081436128) ["ARCHIVEIT-14462","/data/in/14462/arcs","/data/out/ARCHIVEIT-14462/samples",100] -- {"user":"ait:1796"}
[2022-12-07T20:46:04.911120Z] Finished: ArsLgaGeneration (1204869782) ["ARCHIVEIT-14462","/data/in/14462/arcs","/data/out/ARCHIVEIT-14462/samples",100] -- {"user":"ait:1796"}
[2022-12-07T20:46:04.913526Z] Unregistered: ArsLgaGeneration (1204869782) ["ARCHIVEIT-14462","/data/in/14462/arcs","/data/out/ARCHIVEIT-14462/samples",100] -- {"user":"ait:1796"}
[2022-12-07T20:46:04.913588Z] Finished: ArsLgaGeneration_PostProcessor (1081436128) ["ARCHIVEIT-14462","/data/in/14462/arcs","/data/out/ARCHIVEIT-14462/samples",100] -- {"user":"ait:1796"}
[2022-12-07T20:46:28.299544Z] Unregistered: ArsLgaGeneration_Spark (1411494087) ["ARCHIVEIT-14462","/data/in/14462/arcs","/data/out/ARCHIVEIT-14462/out",-1] -- {"user":"ait:1796"}
[2022-12-07T20:46:28.299864Z] Registered: ArsLgaGeneration_PostProcessor (828097110) ["ARCHIVEIT-14462","/data/in/14462/arcs","/data/out/ARCHIVEIT-14462/out",-1] -- {"user":"ait:1796"}
[2022-12-07T20:46:28.299914Z] Queued: ArsLgaGeneration_PostProcessor (828097110) ["ARCHIVEIT-14462","/data/in/14462/arcs","/data/out/ARCHIVEIT-14462/out",-1] -- {"user":"ait:1796"}
[2022-12-07T20:46:28.299973Z] Running: ArsLgaGeneration_PostProcessor (828097110) ["ARCHIVEIT-14462","/data/in/14462/arcs","/data/out/ARCHIVEIT-14462/out",-1] -- {"user":"ait:1796"}
[2022-12-07T20:46:28.300043Z] Finished: ArsLgaGeneration_Spark (1411494087) ["ARCHIVEIT-14462","/data/in/14462/arcs","/data/out/ARCHIVEIT-14462/out",-1] -- {"user":"ait:1796"}
[2022-12-07T20:46:36.655840Z] Unregistered: ArsLgaGeneration_PostProcessor (828097110) ["ARCHIVEIT-14462","/data/in/14462/arcs","/data/out/ARCHIVEIT-14462/out",-1] -- {"user":"ait:1796"}
[2022-12-07T20:46:36.659853Z] Finished: ArsLgaGeneration (1640461260) ["ARCHIVEIT-14462","/data/in/14462/arcs","/data/out/ARCHIVEIT-14462/out",-1] -- {"user":"ait:1796"}
[2022-12-07T20:46:36.662126Z] Unregistered: ArsLgaGeneration (1640461260) ["ARCHIVEIT-14462","/data/in/14462/arcs","/data/out/ARCHIVEIT-14462/out",-1] -- {"user":"ait:1796"}
[2022-12-07T20:46:36.662175Z] Finished: ArsLgaGeneration_PostProcessor (828097110) ["ARCHIVEIT-14462","/data/in/14462/arcs","/data/out/ARCHIVEIT-14462/out",-1] -- {"user":"ait:1796"}
